Arguments: 
  /home/vagrant/.nvm/versions/node/v14.0.0/bin/node /home/vagrant/.nvm/versions/node/v14.0.0/bin/yarn add --dev webpack-dev-server

PATH: 
  /home/vagrant/.rvm/gems/ruby-3.0.0/bin:/home/vagrant/.rvm/gems/ruby-3.0.0@global/bin:/home/vagrant/.rvm/rubies/ruby-3.0.0/bin:/home/vagrant/.nvm/versions/node/v14.0.0/bin:/usr/local/sbin:/usr/local/bin:/usr/sbin:/usr/bin:/sbin:/bin:/usr/games:/usr/local/games:/home/vagrant/.rvm/bin

Yarn version: 
  1.22.10

Node version: 
  14.0.0

Platform: 
  linux x64

Trace: 
  Error: getaddrinfo ENOTFOUND registry.yarnpkg.com
      at GetAddrInfoReqWrap.onlookup [as oncomplete] (dns.js:66:26)

npm manifest: 
  {
    "name": "musica",
    "private": true,
    "dependencies": {
      "@rails/ujs": "^6.0.0",
      "turbolinks": "^5.2.0",
      "@rails/activestorage": "^6.0.0",
      "@rails/actioncable": "^6.0.0"
    },
    "version": "0.1.0"
  }

yarn manifest: 
  No manifest

Lockfile: 
  No lockfile
